2024/01/31 16:47:13 [GET] /tickets/2 ::1
2024/01/31 16:48:29 [GET] /tickets/1 ::1
2024/01/31 16:48:40 [POST] /tickets ::1
2024/01/31 16:48:46 [GET] /tickets/1 ::1
2024/01/31 16:49:18 [PUT] /tickets/1 ::1
2024/01/31 16:49:25 [PUT] /tickets/ ::1
2024/01/31 16:49:49 [POST] /tickets ::1
2024/01/31 16:49:53 [GET] /tickets/2 ::1
2024/01/31 16:49:56 [DELETE] /tickets/1 ::1
2024/01/31 20:32:25 [GET] / ::1
2024/01/31 20:32:25 [GET] /favicon.ico ::1
2024/01/31 20:32:27 [GET] / ::1
2024/01/31 20:32:27 [GET] /favicon.ico ::1
2024/01/31 20:32:27 [GET] / ::1
2024/01/31 20:32:27 [GET] /favicon.ico ::1
2024/01/31 20:32:34 [GET] /tickets ::1
2024/01/31 20:32:34 [GET] /favicon.ico ::1
2024/01/31 20:33:01 [GET] /tickets ::1
2024/01/31 20:35:27 [POST] /tickets ::1
2024/01/31 20:35:38 [POST] /tickets ::1
2024/01/31 20:35:51 [PUT] /tickets/1 ::1
2024/01/31 20:35:55 [GET] /tickets ::1
2024/01/31 20:36:16 [DELETE] /tickets/1 ::1
2024/01/31 20:36:21 [GET] /tickets/1 ::1
2024/01/31 20:36:26 [GET] /tickets ::1
